Arguments: 
  /opt/homebrew/Cellar/node/18.0.0/bin/node /opt/homebrew/bin/yarn publish

PATH: 
  /opt/anaconda3/condabin:/opt/homebrew/bin:/opt/homebrew/sbin:/usr/local/bin:/usr/bin:/bin:/usr/sbin:/sbin:/Applications/VMware Fusion.app/Contents/Public:/usr/local/share/dotnet:~/.dotnet/tools:/Library/Apple/usr/bin:/Users/4kord/.local/share/nvim/site/pack/packer/start/vim-floaterm/bin/

Yarn version: 
  1.22.18

Node version: 
  18.0.0

Platform: 
  darwin arm64

Trace: 
  Error: canceled
      at Interface.<anonymous> (/opt/homebrew/lib/node_modules/yarn/lib/cli.js:137143:13)
      at Interface.emit (node:events:527:28)
      at [_ttyWrite] [as _ttyWrite] (node:internal/readline/interface:1123:18)
      at ReadStream.onkeypress (node:internal/readline/interface:272:20)
      at ReadStream.emit (node:events:527:28)
      at emitKeys (node:internal/readline/utils:358:14)
      at emitKeys.next (<anonymous>)
      at ReadStream.onData (node:internal/readline/emitKeypressEvents:64:36)
      at ReadStream.emit (node:events:527:28)
      at addChunk (node:internal/streams/readable:324:12)

npm manifest: 
  {
    "name": "use-api",
    "version": "1.0.0",
    "description": "React hook that lets you send api calls and get responses with ease",
    "main": "index.ts",
    "repository": "https://github.com/4kord/use-api.git",
    "author": "4kord <57727313+4kord@users.noreply.github.com>",
    "license": "MIT",
    "dependencies": {
      "axios": "^0.27.2",
      "react": "^18.2.0"
    },
    "devDependencies": {
      "@types/react": "^18.0.17"
    }
  }

yarn manifest: 
  No manifest

Lockfile: 
  # THIS IS AN AUTOGENERATED FILE. DO NOT EDIT THIS FILE DIRECTLY.
  # yarn lockfile v1
  
  
  "@types/prop-types@*":
    "integrity" "sha512-JCB8C6SnDoQf0cNycqd/35A7MjcnK+ZTqE7judS6o7utxUCg6imJg3QK2qzHKszlTjcj2cn+NwMB2i96ubpj7w=="
    "resolved" "https://registry.npmjs.org/@types/prop-types/-/prop-types-15.7.5.tgz"
    "version" "15.7.5"
  
  "@types/react@^18.0.17":
    "integrity" "sha512-38ETy4tL+rn4uQQi7mB81G7V1g0u2ryquNmsVIOKUAEIDK+3CUjZ6rSRpdvS99dNBnkLFL83qfmtLacGOTIhwQ=="
    "resolved" "https://registry.npmjs.org/@types/react/-/react-18.0.17.tgz"
    "version" "18.0.17"
    dependencies:
      "@types/prop-types" "*"
      "@types/scheduler" "*"
      "csstype" "^3.0.2"
  
  "@types/scheduler@*":
    "integrity" "sha512-hppQEBDmlwhFAXKJX2KnWLYu5yMfi91yazPb2l+lbJiwW+wdo1gNeRA+3RgNSO39WYX2euey41KEwnqesU2Jew=="
    "resolved" "https://registry.npmjs.org/@types/scheduler/-/scheduler-0.16.2.tgz"
    "version" "0.16.2"
  
  "asynckit@^0.4.0":
    "integrity" "sha512-Oei9OH4tRh0YqU3GxhX79dM/mwVgvbZJaSNaRk+bshkj0S5cfHcgYakreBjrHwatXKbz+IoIdYLxrKim2MjW0Q=="
    "resolved" "https://registry.npmjs.org/asynckit/-/asynckit-0.4.0.tgz"
    "version" "0.4.0"
  
  "axios@^0.27.2":
    "integrity" "sha512-t+yRIyySRTp/wua5xEr+z1q60QmLq8ABsS5O9Me1AsE5dfKqgnCFzwiCZZ/cGNd1lq4/7akDWMxdhVlucjmnOQ=="
    "resolved" "https://registry.npmjs.org/axios/-/axios-0.27.2.tgz"
    "version" "0.27.2"
    dependencies:
      "follow-redirects" "^1.14.9"
      "form-data" "^4.0.0"
  
  "combined-stream@^1.0.8":
    "integrity" "sha512-FQN4MRfuJeHf7cBbBMJFXhKSDq+2kAArBlmRBvcvFE5BB1HZKXtSFASDhdlz9zOYwxh8lDdnvmMOe/+5cdoEdg=="
    "resolved" "https://registry.npmjs.org/combined-stream/-/combined-stream-1.0.8.tgz"
    "version" "1.0.8"
    dependencies:
      "delayed-stream" "~1.0.0"
  
  "csstype@^3.0.2":
    "integrity" "sha512-uX1KG+x9h5hIJsaKR9xHUeUraxf8IODOwq9JLNPq6BwB04a/xgpq3rcx47l5BZu5zBPlgD342tdke3Hom/nJRA=="
    "resolved" "https://registry.npmjs.org/csstype/-/csstype-3.1.0.tgz"
    "version" "3.1.0"
  
  "delayed-stream@~1.0.0":
    "integrity" "sha512-ZySD7Nf91aLB0RxL4KGrKHBXl7Eds1DAmEdcoVawXnLD7SDhpNgtuII2aAkg7a7QS41jxPSZ17p4VdGnMHk3MQ=="
    "resolved" "https://registry.npmjs.org/delayed-stream/-/delayed-stream-1.0.0.tgz"
    "version" "1.0.0"
  
  "follow-redirects@^1.14.9":
    "integrity" "sha512-yLAMQs+k0b2m7cVxpS1VKJVvoz7SS9Td1zss3XRwXj+ZDH00RJgnuLx7E44wx02kQLrdM3aOOy+FpzS7+8OizA=="
    "resolved" "https://registry.npmjs.org/follow-redirects/-/follow-redirects-1.15.1.tgz"
    "version" "1.15.1"
  
  "form-data@^4.0.0":
    "integrity" "sha512-ETEklSGi5t0QMZuiXoA/Q6vcnxcLQP5vdugSpuAyi6SVGi2clPPp+xgEhuMaHC+zGgn31Kd235W35f7Hykkaww=="
    "resolved" "https://registry.npmjs.org/form-data/-/form-data-4.0.0.tgz"
    "version" "4.0.0"
    dependencies:
      "asynckit" "^0.4.0"
      "combined-stream" "^1.0.8"
      "mime-types" "^2.1.12"
  
  "js-tokens@^3.0.0 || ^4.0.0":
    "integrity" "sha512-RdJUflcE3cUzKiMqQgsCu06FPu9UdIJO0beYbPhHN4k6apgJtifcoCtT9bcxOpYBtpD2kCM6Sbzg4CausW/PKQ=="
    "resolved" "https://registry.npmjs.org/js-tokens/-/js-tokens-4.0.0.tgz"
    "version" "4.0.0"
  
  "loose-envify@^1.1.0":
    "integrity" "sha512-lyuxPGr/Wfhrlem2CL/UcnUc1zcqKAImBDzukY7Y5F/yQiNdko6+fRLevlw1HgMySw7f611UIY408EtxRSoK3Q=="
    "resolved" "https://registry.npmjs.org/loose-envify/-/loose-envify-1.4.0.tgz"
    "version" "1.4.0"
    dependencies:
      "js-tokens" "^3.0.0 || ^4.0.0"
  
  "mime-db@1.52.0":
    "integrity" "sha512-sPU4uV7dYlvtWJxwwxHD0PuihVNiE7TyAbQ5SWxDCB9mUYvOgroQOwYQQOKPJ8CIbE+1ETVlOoK1UC2nU3gYvg=="
    "resolved" "https://registry.npmjs.org/mime-db/-/mime-db-1.52.0.tgz"
    "version" "1.52.0"
  
  "mime-types@^2.1.12":
    "integrity" "sha512-ZDY+bPm5zTTF+YpCrAU9nK0UgICYPT0QtT1NZWFv4s++TNkcgVaT0g6+4R2uI4MjQjzysHB1zxuWL50hzaeXiw=="
    "resolved" "https://registry.npmjs.org/mime-types/-/mime-types-2.1.35.tgz"
    "version" "2.1.35"
    dependencies:
      "mime-db" "1.52.0"
  
  "react@^18.2.0":
    "integrity" "sha512-/3IjMdb2L9QbBdWiW5e3P2/npwMBaU9mHCSCUzNln0ZCYbcfTsGbTJrU/kGemdH2IWmB2ioZ+zkxtmq6g09fGQ=="
    "resolved" "https://registry.npmjs.org/react/-/react-18.2.0.tgz"
    "version" "18.2.0"
    dependencies:
      "loose-envify" "^1.1.0"
